2025-09-22 11:48:04 - __main__ - INFO - Логгер успешно настроен
2025-09-22 11:48:04 - __main__ - INFO - Инициализированы случайные seed для воспроизводимости результатов
2025-09-22 11:48:04 - __main__ - INFO - Подготовка датасета
2025-09-22 11:48:04 - __main__ - INFO - Подготовка датасета
2025-09-22 11:48:04 - __main__ - INFO - Загружаем 6000 коротких фраз из Википедии на языке: en
2025-09-22 11:49:16 - __main__ - INFO - Извлечено 6000 фраз на en за 72.21 секунд
2025-09-22 11:49:16 - __main__ - INFO - Загружаем 6000 коротких фраз из Википедии на языке: ru
2025-09-22 11:50:15 - __main__ - INFO - Извлечено 6000 фраз на ru за 58.65 секунд
2025-09-22 11:50:15 - __main__ - INFO - Датасет подготовлен: 10800 обучающих, 1200 валидационных примеров за 130.97 секунд
2025-09-22 11:50:15 - __main__ - INFO - Загружаем модель и токенизатор: google/byt5-small
2025-09-22 11:50:24 - __main__ - INFO - Модель и токенизатор загружены за 9.71 секунд
2025-09-22 11:50:24 - __main__ - INFO - Токенизация датасета
2025-09-22 11:50:31 - __main__ - INFO - Датасет токенизирован за 6.80 секунд
2025-09-22 11:50:31 - __main__ - INFO - Удалены ненужные колонки 'input' и 'output' из датасета
2025-09-22 11:50:31 - __main__ - INFO - Обновлённые колонки train: ['input_ids', 'attention_mask', 'labels']
2025-09-22 11:50:37 - __main__ - INFO - Data collator инициализирован
2025-09-22 11:50:38 - __main__ - INFO - Очищена кэшированная память GPU
2025-09-22 11:50:39 - __main__ - INFO -    Эпохи: 8
2025-09-22 11:50:39 - __main__ - INFO -    Batch size: 16 (accumulation: 2)
2025-09-22 11:50:39 - __main__ - INFO -    Effective batch: 32
2025-09-22 11:50:39 - __main__ - INFO -    Learning rate: 2e-05
2025-09-22 11:50:39 - __main__ - INFO -    Warmup steps: 100
2025-09-22 11:50:39 - __main__ - INFO -    Всего шагов: 5400
2025-09-22 11:50:39 - __main__ - INFO - ============================================================
2025-09-22 11:50:40 - __main__ - INFO - ЭПОХА 1/8 НАЧАЛАСЬ
2025-09-22 11:51:22 - __main__ - INFO -    Эпохи: 10
2025-09-22 11:51:22 - __main__ - INFO -    Batch size: 16 (accumulation: 2)
2025-09-22 11:51:22 - __main__ - INFO -    Effective batch: 32
2025-09-22 11:51:22 - __main__ - INFO -    Learning rate: 2e-05
2025-09-22 11:51:22 - __main__ - INFO -    Warmup steps: 100
2025-09-22 11:51:22 - __main__ - INFO -    Всего шагов: 6750
2025-09-22 11:51:22 - __main__ - INFO - ============================================================
2025-09-22 11:51:22 - __main__ - INFO - ЭПОХА 1/10 НАЧАЛАСЬ
2025-09-22 11:53:29 - __main__ - INFO - Шаг   50 | Эпоха 1 | Loss: 1.5650 | Avg: 3.4290 | LR: 1.00e-05 | Accuracy: 0.676
2025-09-22 11:55:38 - __main__ - INFO - Шаг  100 | Эпоха 1 | Loss: 0.9559 | Avg: 2.4416 | LR: 2.00e-05 | Accuracy: 0.781
2025-09-22 11:57:47 - __main__ - INFO - Шаг  150 | Эпоха 1 | Loss: 0.6057 | Avg: 1.4441 | LR: 1.98e-05 | Accuracy: 0.868
2025-09-22 11:59:57 - __main__ - INFO - Шаг  200 | Эпоха 1 | Loss: 0.3740 | Avg: 0.9345 | LR: 1.97e-05 | Accuracy: 0.898
2025-09-22 11:59:57 - __main__ - INFO - Валидация на шаге 200...
2025-09-22 12:00:31 - __main__ - INFO - Validation Loss: 0.1793 | Accuracy: 0.958
2025-09-22 12:00:31 - __main__ - INFO - Лучшее значение! Best Eval Loss: 0.1793
2025-09-22 12:02:41 - __main__ - INFO - Шаг  250 | Эпоха 1 | Loss: 0.2895 | Avg: 0.6713 | LR: 1.95e-05 | Accuracy: 0.919
2025-09-22 12:04:50 - __main__ - INFO - Шаг  300 | Эпоха 1 | Loss: 0.2349 | Avg: 0.5445 | LR: 1.94e-05 | Accuracy: 0.938
2025-09-22 12:06:27 - __main__ - INFO - ЭПОХА 1 ЗАВЕРШЕНА | Средний Loss: 0.7264 | Accuracy: 0.839
2025-09-22 12:06:27 - __main__ - INFO - ----------------------------------------
2025-09-22 12:06:27 - __main__ - INFO - ЭПОХА 2/10 НАЧАЛАСЬ
2025-09-22 12:06:59 - __main__ - INFO - Шаг  350 | Эпоха 2 | Loss: 0.1885 | Avg: 0.4482 | LR: 1.92e-05 | Accuracy: 0.951
2025-09-22 12:09:07 - __main__ - INFO - Шаг  400 | Эпоха 2 | Loss: 0.1851 | Avg: 0.3706 | LR: 1.91e-05 | Accuracy: 0.951
2025-09-22 12:09:07 - __main__ - INFO - Валидация на шаге 400...
2025-09-22 12:09:41 - __main__ - INFO - Validation Loss: 0.0791 | Accuracy: 0.980
2025-09-22 12:09:41 - __main__ - INFO - Лучшее значение! Best Eval Loss: 0.0791
2025-09-22 12:11:51 - __main__ - INFO - Шаг  450 | Эпоха 2 | Loss: 0.1256 | Avg: 0.3278 | LR: 1.89e-05 | Accuracy: 0.963
2025-09-22 12:14:00 - __main__ - INFO - Шаг  500 | Эпоха 2 | Loss: 0.1549 | Avg: 0.3071 | LR: 1.88e-05 | Accuracy: 0.953
2025-09-22 12:16:09 - __main__ - INFO - Шаг  550 | Эпоха 2 | Loss: 0.1037 | Avg: 0.2739 | LR: 1.86e-05 | Accuracy: 0.970
2025-09-22 12:18:18 - __main__ - INFO - Шаг  600 | Эпоха 2 | Loss: 0.0793 | Avg: 0.2574 | LR: 1.85e-05 | Accuracy: 0.981
2025-09-22 12:18:18 - __main__ - INFO - Валидация на шаге 600...
2025-09-22 12:18:52 - __main__ - INFO - Validation Loss: 0.0535 | Accuracy: 0.985
2025-09-22 12:18:52 - __main__ - INFO - Лучшее значение! Best Eval Loss: 0.0535
2025-09-22 12:21:01 - __main__ - INFO - Шаг  650 | Эпоха 2 | Loss: 0.1455 | Avg: 0.2396 | LR: 1.83e-05 | Accuracy: 0.957
2025-09-22 12:22:06 - __main__ - INFO - ЭПОХА 2 ЗАВЕРШЕНА | Средний Loss: 0.1478 | Accuracy: 0.958
2025-09-22 12:22:06 - __main__ - INFO - ----------------------------------------
2025-09-22 12:22:06 - __main__ - INFO - ЭПОХА 3/10 НАЧАЛАСЬ
2025-09-22 12:23:11 - __main__ - INFO - Шаг  700 | Эпоха 3 | Loss: 0.0674 | Avg: 0.2192 | LR: 1.82e-05 | Accuracy: 0.980
2025-09-22 12:25:19 - __main__ - INFO - Шаг  750 | Эпоха 3 | Loss: 0.0871 | Avg: 0.2121 | LR: 1.80e-05 | Accuracy: 0.971
2025-09-22 12:27:29 - __main__ - INFO - Шаг  800 | Эпоха 3 | Loss: 0.0923 | Avg: 0.2050 | LR: 1.79e-05 | Accuracy: 0.979
2025-09-22 12:27:29 - __main__ - INFO - Валидация на шаге 800...
2025-09-22 12:28:02 - __main__ - INFO - Validation Loss: 0.0450 | Accuracy: 0.987
2025-09-22 12:28:02 - __main__ - INFO - Лучшее значение! Best Eval Loss: 0.0450
2025-09-22 12:30:12 - __main__ - INFO - Шаг  850 | Эпоха 3 | Loss: 0.0940 | Avg: 0.1957 | LR: 1.77e-05 | Accuracy: 0.973
2025-09-22 12:32:23 - __main__ - INFO - Шаг  900 | Эпоха 3 | Loss: 0.0931 | Avg: 0.1889 | LR: 1.76e-05 | Accuracy: 0.973
2025-09-22 12:34:31 - __main__ - INFO - Шаг  950 | Эпоха 3 | Loss: 0.0828 | Avg: 0.1845 | LR: 1.74e-05 | Accuracy: 0.972
2025-09-22 12:36:40 - __main__ - INFO - Шаг 1000 | Эпоха 3 | Loss: 0.0998 | Avg: 0.1806 | LR: 1.73e-05 | Accuracy: 0.971
2025-09-22 12:36:40 - __main__ - INFO - Валидация на шаге 1000...
2025-09-22 12:37:14 - __main__ - INFO - Validation Loss: 0.0407 | Accuracy: 0.988
2025-09-22 12:37:14 - __main__ - INFO - Лучшее значение! Best Eval Loss: 0.0407
2025-09-22 12:37:46 - __main__ - INFO - ЭПОХА 3 ЗАВЕРШЕНА | Средний Loss: 0.0975 | Accuracy: 0.971
2025-09-22 12:37:46 - __main__ - INFO - ----------------------------------------
2025-09-22 12:37:46 - __main__ - INFO - ЭПОХА 4/10 НАЧАЛАСЬ
2025-09-22 12:39:21 - __main__ - INFO - Шаг 1050 | Эпоха 4 | Loss: 0.0762 | Avg: 0.1704 | LR: 1.71e-05 | Accuracy: 0.979
2025-09-22 12:41:31 - __main__ - INFO - Шаг 1100 | Эпоха 4 | Loss: 0.0957 | Avg: 0.1735 | LR: 1.70e-05 | Accuracy: 0.970
2025-09-22 12:43:38 - __main__ - INFO - Шаг 1150 | Эпоха 4 | Loss: 0.1036 | Avg: 0.1660 | LR: 1.68e-05 | Accuracy: 0.969
2025-09-22 12:45:47 - __main__ - INFO - Шаг 1200 | Эпоха 4 | Loss: 0.1025 | Avg: 0.1608 | LR: 1.67e-05 | Accuracy: 0.964
2025-09-22 12:45:47 - __main__ - INFO - Валидация на шаге 1200...
2025-09-22 12:46:21 - __main__ - INFO - Validation Loss: 0.0381 | Accuracy: 0.989
2025-09-22 12:46:21 - __main__ - INFO - Лучшее значение! Best Eval Loss: 0.0381
2025-09-22 12:48:30 - __main__ - INFO - Шаг 1250 | Эпоха 4 | Loss: 0.0905 | Avg: 0.1602 | LR: 1.65e-05 | Accuracy: 0.968
2025-09-22 12:50:39 - __main__ - INFO - Шаг 1300 | Эпоха 4 | Loss: 0.0675 | Avg: 0.1536 | LR: 1.64e-05 | Accuracy: 0.977
2025-09-22 12:52:49 - __main__ - INFO - Шаг 1350 | Эпоха 4 | Loss: 0.0790 | Avg: 0.1501 | LR: 1.62e-05 | Accuracy: 0.978
2025-09-22 12:52:49 - __main__ - INFO - ЭПОХА 4 ЗАВЕРШЕНА | Средний Loss: 0.0808 | Accuracy: 0.976
2025-09-22 12:52:49 - __main__ - INFO - ----------------------------------------
2025-09-22 12:52:49 - __main__ - INFO - ЭПОХА 5/10 НАЧАЛАСЬ
2025-09-22 12:54:58 - __main__ - INFO - Шаг 1400 | Эпоха 5 | Loss: 0.0939 | Avg: 0.1523 | LR: 1.61e-05 | Accuracy: 0.977
2025-09-22 12:54:58 - __main__ - INFO - Валидация на шаге 1400...
2025-09-22 12:55:32 - __main__ - INFO - Validation Loss: 0.0354 | Accuracy: 0.990
2025-09-22 12:55:32 - __main__ - INFO - Лучшее значение! Best Eval Loss: 0.0354
2025-09-22 12:57:42 - __main__ - INFO - Шаг 1450 | Эпоха 5 | Loss: 0.0516 | Avg: 0.1421 | LR: 1.59e-05 | Accuracy: 0.985
2025-09-22 12:59:51 - __main__ - INFO - Шаг 1500 | Эпоха 5 | Loss: 0.0545 | Avg: 0.1408 | LR: 1.58e-05 | Accuracy: 0.985
2025-09-22 13:02:00 - __main__ - INFO - Шаг 1550 | Эпоха 5 | Loss: 0.0656 | Avg: 0.1391 | LR: 1.56e-05 | Accuracy: 0.980
2025-09-22 13:04:08 - __main__ - INFO - Шаг 1600 | Эпоха 5 | Loss: 0.0614 | Avg: 0.1387 | LR: 1.55e-05 | Accuracy: 0.981
2025-09-22 13:04:08 - __main__ - INFO - Валидация на шаге 1600...
2025-09-22 13:04:42 - __main__ - INFO - Validation Loss: 0.0341 | Accuracy: 0.990
2025-09-22 13:04:42 - __main__ - INFO - Лучшее значение! Best Eval Loss: 0.0341
2025-09-22 13:06:50 - __main__ - INFO - Шаг 1650 | Эпоха 5 | Loss: 0.0711 | Avg: 0.1363 | LR: 1.53e-05 | Accuracy: 0.978
2025-09-22 13:08:27 - __main__ - INFO - ЭПОХА 5 ЗАВЕРШЕНА | Средний Loss: 0.0704 | Accuracy: 0.979
2025-09-22 13:08:27 - __main__ - INFO - ----------------------------------------
2025-09-22 13:08:27 - __main__ - INFO - ЭПОХА 6/10 НАЧАЛАСЬ
2025-09-22 13:09:00 - __main__ - INFO - Шаг 1700 | Эпоха 6 | Loss: 0.0520 | Avg: 0.1342 | LR: 1.52e-05 | Accuracy: 0.981
2025-09-22 13:11:10 - __main__ - INFO - Шаг 1750 | Эпоха 6 | Loss: 0.0547 | Avg: 0.1299 | LR: 1.50e-05 | Accuracy: 0.982
2025-09-22 13:13:18 - __main__ - INFO - Шаг 1800 | Эпоха 6 | Loss: 0.0557 | Avg: 0.1296 | LR: 1.49e-05 | Accuracy: 0.984
2025-09-22 13:13:18 - __main__ - INFO - Валидация на шаге 1800...
2025-09-22 13:13:52 - __main__ - INFO - Validation Loss: 0.0326 | Accuracy: 0.991
2025-09-22 13:13:52 - __main__ - INFO - Лучшее значение! Best Eval Loss: 0.0326
2025-09-22 13:16:00 - __main__ - INFO - Шаг 1850 | Эпоха 6 | Loss: 0.0695 | Avg: 0.1234 | LR: 1.47e-05 | Accuracy: 0.976
2025-09-22 13:18:08 - __main__ - INFO - Шаг 1900 | Эпоха 6 | Loss: 0.0678 | Avg: 0.1277 | LR: 1.46e-05 | Accuracy: 0.980
2025-09-22 13:20:18 - __main__ - INFO - Шаг 1950 | Эпоха 6 | Loss: 0.0697 | Avg: 0.1238 | LR: 1.44e-05 | Accuracy: 0.976
2025-09-22 13:22:27 - __main__ - INFO - Шаг 2000 | Эпоха 6 | Loss: 0.0424 | Avg: 0.1239 | LR: 1.43e-05 | Accuracy: 0.986
2025-09-22 13:22:27 - __main__ - INFO - Валидация на шаге 2000...
2025-09-22 13:23:01 - __main__ - INFO - Validation Loss: 0.0309 | Accuracy: 0.991
2025-09-22 13:23:01 - __main__ - INFO - Лучшее значение! Best Eval Loss: 0.0309
2025-09-22 13:24:06 - __main__ - INFO - ЭПОХА 6 ЗАВЕРШЕНА | Средний Loss: 0.0631 | Accuracy: 0.981
2025-09-22 13:24:06 - __main__ - INFO - ----------------------------------------
2025-09-22 13:24:06 - __main__ - INFO - ЭПОХА 7/10 НАЧАЛАСЬ
2025-09-22 13:25:11 - __main__ - INFO - Шаг 2050 | Эпоха 7 | Loss: 0.0539 | Avg: 0.1198 | LR: 1.41e-05 | Accuracy: 0.984
2025-09-22 13:27:20 - __main__ - INFO - Шаг 2100 | Эпоха 7 | Loss: 0.0469 | Avg: 0.1156 | LR: 1.40e-05 | Accuracy: 0.983
2025-09-22 13:29:31 - __main__ - INFO - Шаг 2150 | Эпоха 7 | Loss: 0.0535 | Avg: 0.1185 | LR: 1.38e-05 | Accuracy: 0.985
2025-09-22 13:31:40 - __main__ - INFO - Шаг 2200 | Эпоха 7 | Loss: 0.0626 | Avg: 0.1200 | LR: 1.37e-05 | Accuracy: 0.986
2025-09-22 13:31:40 - __main__ - INFO - Валидация на шаге 2200...
2025-09-22 13:32:13 - __main__ - INFO - Validation Loss: 0.0294 | Accuracy: 0.991
2025-09-22 13:32:13 - __main__ - INFO - Лучшее значение! Best Eval Loss: 0.0294
2025-09-22 13:34:22 - __main__ - INFO - Шаг 2250 | Эпоха 7 | Loss: 0.0570 | Avg: 0.1154 | LR: 1.35e-05 | Accuracy: 0.983
2025-09-22 13:36:30 - __main__ - INFO - Шаг 2300 | Эпоха 7 | Loss: 0.0602 | Avg: 0.1124 | LR: 1.34e-05 | Accuracy: 0.982
2025-09-22 13:38:38 - __main__ - INFO - Шаг 2350 | Эпоха 7 | Loss: 0.0399 | Avg: 0.1095 | LR: 1.32e-05 | Accuracy: 0.986
2025-09-22 13:39:10 - __main__ - INFO - ЭПОХА 7 ЗАВЕРШЕНА | Средний Loss: 0.0576 | Accuracy: 0.983
2025-09-22 13:39:10 - __main__ - INFO - ----------------------------------------
2025-09-22 13:39:10 - __main__ - INFO - ЭПОХА 8/10 НАЧАЛАСЬ
2025-09-22 13:40:47 - __main__ - INFO - Шаг 2400 | Эпоха 8 | Loss: 0.0383 | Avg: 0.1059 | LR: 1.31e-05 | Accuracy: 0.987
2025-09-22 13:40:47 - __main__ - INFO - Валидация на шаге 2400...
2025-09-22 13:41:21 - __main__ - INFO - Validation Loss: 0.0286 | Accuracy: 0.992
2025-09-22 13:41:21 - __main__ - INFO - Лучшее значение! Best Eval Loss: 0.0286
2025-09-22 13:43:31 - __main__ - INFO - Шаг 2450 | Эпоха 8 | Loss: 0.0410 | Avg: 0.1100 | LR: 1.29e-05 | Accuracy: 0.990
2025-09-22 13:45:40 - __main__ - INFO - Шаг 2500 | Эпоха 8 | Loss: 0.0636 | Avg: 0.1068 | LR: 1.28e-05 | Accuracy: 0.984
2025-09-22 13:47:50 - __main__ - INFO - Шаг 2550 | Эпоха 8 | Loss: 0.0503 | Avg: 0.1071 | LR: 1.26e-05 | Accuracy: 0.984
2025-09-22 13:49:59 - __main__ - INFO - Шаг 2600 | Эпоха 8 | Loss: 0.0557 | Avg: 0.1067 | LR: 1.25e-05 | Accuracy: 0.985
2025-09-22 13:49:59 - __main__ - INFO - Валидация на шаге 2600...
2025-09-22 13:50:33 - __main__ - INFO - Validation Loss: 0.0278 | Accuracy: 0.992
2025-09-22 13:50:33 - __main__ - INFO - Лучшее значение! Best Eval Loss: 0.0278
2025-09-22 13:52:42 - __main__ - INFO - Шаг 2650 | Эпоха 8 | Loss: 0.0523 | Avg: 0.1078 | LR: 1.23e-05 | Accuracy: 0.983
2025-09-22 13:54:50 - __main__ - INFO - Шаг 2700 | Эпоха 8 | Loss: 0.0671 | Avg: 0.1003 | LR: 1.22e-05 | Accuracy: 0.979
2025-09-22 13:54:51 - __main__ - INFO - ЭПОХА 8 ЗАВЕРШЕНА | Средний Loss: 0.0532 | Accuracy: 0.984
2025-09-22 13:54:51 - __main__ - INFO - ----------------------------------------
2025-09-22 13:54:51 - __main__ - INFO - ЭПОХА 9/10 НАЧАЛАСЬ
2025-09-22 13:57:00 - __main__ - INFO - Шаг 2750 | Эпоха 9 | Loss: 0.0400 | Avg: 0.1060 | LR: 1.20e-05 | Accuracy: 0.987
2025-09-22 13:59:10 - __main__ - INFO - Шаг 2800 | Эпоха 9 | Loss: 0.0526 | Avg: 0.0976 | LR: 1.19e-05 | Accuracy: 0.982
2025-09-22 13:59:10 - __main__ - INFO - Валидация на шаге 2800...
2025-09-22 13:59:44 - __main__ - INFO - Validation Loss: 0.0268 | Accuracy: 0.992
2025-09-22 13:59:44 - __main__ - INFO - Лучшее значение! Best Eval Loss: 0.0268
2025-09-22 14:01:52 - __main__ - INFO - Шаг 2850 | Эпоха 9 | Loss: 0.0486 | Avg: 0.0999 | LR: 1.17e-05 | Accuracy: 0.984
2025-09-22 14:04:03 - __main__ - INFO - Шаг 2900 | Эпоха 9 | Loss: 0.0361 | Avg: 0.1007 | LR: 1.16e-05 | Accuracy: 0.986
2025-09-22 14:06:12 - __main__ - INFO - Шаг 2950 | Эпоха 9 | Loss: 0.0550 | Avg: 0.0966 | LR: 1.14e-05 | Accuracy: 0.988
2025-09-22 14:08:21 - __main__ - INFO - Шаг 3000 | Эпоха 9 | Loss: 0.0403 | Avg: 0.0993 | LR: 1.13e-05 | Accuracy: 0.987
2025-09-22 14:08:21 - __main__ - INFO - Валидация на шаге 3000...
2025-09-22 14:08:54 - __main__ - INFO - Validation Loss: 0.0260 | Accuracy: 0.993
2025-09-22 14:08:54 - __main__ - INFO - Лучшее значение! Best Eval Loss: 0.0260
2025-09-22 14:10:32 - __main__ - INFO - ЭПОХА 9 ЗАВЕРШЕНА | Средний Loss: 0.0501 | Accuracy: 0.985
2025-09-22 14:10:32 - __main__ - INFO - ----------------------------------------
2025-09-22 14:10:32 - __main__ - INFO - ЭПОХА 10/10 НАЧАЛАСЬ
2025-09-22 14:11:04 - __main__ - INFO - Шаг 3050 | Эпоха 10 | Loss: 0.0485 | Avg: 0.1006 | LR: 1.11e-05 | Accuracy: 0.985
2025-09-22 14:13:14 - __main__ - INFO - Шаг 3100 | Эпоха 10 | Loss: 0.0471 | Avg: 0.0995 | LR: 1.10e-05 | Accuracy: 0.988
2025-09-22 14:15:24 - __main__ - INFO - Шаг 3150 | Эпоха 10 | Loss: 0.0417 | Avg: 0.0951 | LR: 1.08e-05 | Accuracy: 0.986
2025-09-22 14:17:31 - __main__ - INFO - Шаг 3200 | Эпоха 10 | Loss: 0.0512 | Avg: 0.0924 | LR: 1.07e-05 | Accuracy: 0.986
2025-09-22 14:17:31 - __main__ - INFO - Валидация на шаге 3200...
2025-09-22 14:18:05 - __main__ - INFO - Validation Loss: 0.0255 | Accuracy: 0.993
2025-09-22 14:18:05 - __main__ - INFO - Лучшее значение! Best Eval Loss: 0.0255
2025-09-22 14:20:16 - __main__ - INFO - Шаг 3250 | Эпоха 10 | Loss: 0.0428 | Avg: 0.0951 | LR: 1.05e-05 | Accuracy: 0.986
2025-09-22 14:22:25 - __main__ - INFO - Шаг 3300 | Эпоха 10 | Loss: 0.0341 | Avg: 0.0922 | LR: 1.04e-05 | Accuracy: 0.987
2025-09-22 14:24:35 - __main__ - INFO - Шаг 3350 | Эпоха 10 | Loss: 0.0493 | Avg: 0.0922 | LR: 1.02e-05 | Accuracy: 0.981
2025-09-22 14:25:38 - __main__ - INFO - ЭПОХА 10 ЗАВЕРШЕНА | Средний Loss: 0.0471 | Accuracy: 0.986
2025-09-22 14:25:38 - __main__ - INFO - ----------------------------------------
2025-09-22 14:25:43 - __main__ - INFO - Финальная модель и токенизатор сохранены в 'final_model'
2025-09-22 14:25:43 - __main__ - INFO - ============================================================
2025-09-22 14:25:43 - __main__ - INFO - Обучение завершено!
2025-09-22 14:25:43 - __main__ - INFO - Лучший Eval Loss: 0.0255
2025-09-22 14:25:43 - __main__ - INFO - ============================================================
2025-09-22 14:25:54 - __main__ - INFO - Запускаем пакетное предсказание для 1005 текстов
2025-09-22 14:25:54 - __main__ - INFO - Загружаем токенизатор из ./final_model
2025-09-22 14:25:59 - __main__ - INFO - Загружаем веса модели из ./final_model.pt
2025-09-22 14:26:02 - __main__ - INFO - Обрабатываем файл
2025-09-22 14:27:30 - __main__ - INFO - Предсказание завершено за 95.26 секунд
2025-09-22 14:27:30 - __main__ - INFO - Обработано 1005 текстов, среднее время: 0.095 сек/текст
